\BOOKMARK [0][-]{chapter*.1}{\315ndice general}{}% 1
\BOOKMARK [0][-]{chapter.1}{Introducci\363n}{}% 2
\BOOKMARK [1][-]{section.1.1}{Motivaci\363n: \277Por que estudiar el Browser?}{chapter.1}% 3
\BOOKMARK [1][-]{section.1.2}{Contribuciones}{chapter.1}% 4
\BOOKMARK [1][-]{section.1.3}{Estructura del Documento}{chapter.1}% 5
\BOOKMARK [0][-]{chapter.2}{Estado del Arte}{}% 6
\BOOKMARK [1][-]{section.2.1}{Definiciones}{chapter.2}% 7
\BOOKMARK [2][-]{subsection.2.1.1}{Vulnerabilidades, Debilidades, Amenazas y Ataques}{section.2.1}% 8
\BOOKMARK [2][-]{subsection.2.1.2}{Browser: HTML, DOM, CSS, Javascript y Otros}{section.2.1}% 9
\BOOKMARK [1][-]{section.2.2}{Riesgos al Navegar y Ataques en el Browser}{chapter.2}% 10
\BOOKMARK [1][-]{section.2.3}{Mecanismos de Seguridad en el Browser}{chapter.2}% 11
\BOOKMARK [2][-]{subsection.2.3.1}{Same Origin Policy, SOP}{section.2.3}% 12
\BOOKMARK [2][-]{subsection.2.3.2}{Cross-Origin Resource Sharing, CORS}{section.2.3}% 13
\BOOKMARK [2][-]{subsection.2.3.3}{CSP}{section.2.3}% 14
\BOOKMARK [2][-]{subsection.2.3.4}{Sandboxing}{section.2.3}% 15
\BOOKMARK [2][-]{subsection.2.3.5}{HTTP Headers}{section.2.3}% 16
\BOOKMARK [2][-]{subsection.2.3.6}{Encoding}{section.2.3}% 17
\BOOKMARK [2][-]{subsection.2.3.7}{Sanitization}{section.2.3}% 18
\BOOKMARK [2][-]{subsection.2.3.8}{Otros}{section.2.3}% 19
\BOOKMARK [0][-]{chapter.3}{La aplicaci\363n m\341s usada por todos: El Web Browser}{}% 20
\BOOKMARK [1][-]{section.3.1}{Componentes del Browser}{chapter.3}% 21
\BOOKMARK [2][-]{subsection.3.1.1}{Render Engine}{section.3.1}% 22
\BOOKMARK [1][-]{section.3.2}{Ethical Hacking en el Browser}{chapter.3}% 23
\BOOKMARK [2][-]{subsection.3.2.1}{Ataques de Ingenier\355a Social}{section.3.2}% 24
\BOOKMARK [2][-]{subsection.3.2.2}{WebGoat}{section.3.2}% 25
\BOOKMARK [2][-]{subsection.3.2.3}{BeeF y Metasploit}{section.3.2}% 26
\BOOKMARK [0][-]{chapter.4}{Elaboraci\363n de los Objetos del Estudio}{}% 27
\BOOKMARK [1][-]{section.4.1}{Arquitectura de Referencia del Browser}{chapter.4}% 28
\BOOKMARK [2][-]{subsection.4.1.1}{Definici\363n}{section.4.1}% 29
\BOOKMARK [2][-]{subsection.4.1.2}{Construcci\363n}{section.4.1}% 30
\BOOKMARK [1][-]{section.4.2}{Formulaci\363n de Patrones de Ataque}{chapter.4}% 31
\BOOKMARK [2][-]{subsection.4.2.1}{Ataque 1: }{section.4.2}% 32
\BOOKMARK [2][-]{subsection.4.2.2}{Ataque 2: }{section.4.2}% 33
\BOOKMARK [2][-]{subsection.4.2.3}{Ataque 3:}{section.4.2}% 34
\BOOKMARK [1][-]{section.4.3}{Discusi\363n de Patrones de Mal uso existentes}{chapter.4}% 35
\BOOKMARK [0][-]{chapter.5}{Conclusiones}{}% 36
\BOOKMARK [1][-]{section.5.1}{Conclusiones}{chapter.5}% 37
\BOOKMARK [1][-]{section.5.2}{Trabajo Futuro}{chapter.5}% 38
\BOOKMARK [0][-]{chapter*.11}{Bibliograf\355a}{}% 39
\BOOKMARK [0][-]{appendix.Alph1}{Anexos}{}% 40
