This is pdfTeX, Version 3.1415926-2.5-1.40.14 (TeX Live 2013/Debian) (format=pdflatex 2014.10.26)  24 MAR 2015 00:13
entering extended mode
 restricted \write18 enabled.
 %&-line parsing enabled.
**main.tex
(./main.tex
LaTeX2e <2011/06/27>
Babel <3.9h> and hyphenation patterns for 78 languages loaded.
(/usr/share/texlive/texmf-dist/tex/latex/paper/paper.cls
Document Class: paper 2008/05/30 1.0l LaTeX document class (wm).
\hours=\count79
\minutes=\count80
(/usr/share/texlive/texmf-dist/tex/latex/base/size12.clo
File: size12.clo 2007/10/19 v1.4h Standard LaTeX file (size option)
)
\beforetitlespace=\skip41
\c@part=\count81
\c@section=\count82
\c@subsection=\count83
\c@subsubsection=\count84
\c@paragraph=\count85
\c@subparagraph=\count86
\exampleindent=\skip42
\c@figure=\count87
\c@table=\count88
\abovecaptionskip=\skip43
\belowcaptionskip=\skip44
\bibindent=\dimen102
)
(/usr/share/texlive/texmf-dist/tex/latex/base/inputenc.sty
Package: inputenc 2008/03/30 v1.1d Input encoding file
\inpenc@prehook=\toks14
\inpenc@posthook=\toks15

(/usr/share/texlive/texmf-dist/tex/latex/base/utf8.def
File: utf8.def 2008/04/05 v1.1m UTF-8 support for inputenc
Now handling font encoding OML ...
... no UTF-8 mapping file for font encoding OML
Now handling font encoding T1 ...
... processing UTF-8 mapping file for font encoding T1

(/usr/share/texlive/texmf-dist/tex/latex/base/t1enc.dfu
File: t1enc.dfu 2008/04/05 v1.1m UTF-8 support for inputenc
   defining Unicode char U+00A1 (decimal 161)
   defining Unicode char U+00A3 (decimal 163)
   defining Unicode char U+00AB (decimal 171)
   defining Unicode char U+00BB (decimal 187)
   defining Unicode char U+00BF (decimal 191)
   defining Unicode char U+00C0 (decimal 192)
   defining Unicode char U+00C1 (decimal 193)
   defining Unicode char U+00C2 (decimal 194)
   defining Unicode char U+00C3 (decimal 195)
   defining Unicode char U+00C4 (decimal 196)
   defining Unicode char U+00C5 (decimal 197)
   defining Unicode char U+00C6 (decimal 198)
   defining Unicode char U+00C7 (decimal 199)
   defining Unicode char U+00C8 (decimal 200)
   defining Unicode char U+00C9 (decimal 201)
   defining Unicode char U+00CA (decimal 202)
   defining Unicode char U+00CB (decimal 203)
   defining Unicode char U+00CC (decimal 204)
   defining Unicode char U+00CD (decimal 205)
   defining Unicode char U+00CE (decimal 206)
   defining Unicode char U+00CF (decimal 207)
   defining Unicode char U+00D0 (decimal 208)
   defining Unicode char U+00D1 (decimal 209)
   defining Unicode char U+00D2 (decimal 210)
   defining Unicode char U+00D3 (decimal 211)
   defining Unicode char U+00D4 (decimal 212)
   defining Unicode char U+00D5 (decimal 213)
   defining Unicode char U+00D6 (decimal 214)
   defining Unicode char U+00D8 (decimal 216)
   defining Unicode char U+00D9 (decimal 217)
   defining Unicode char U+00DA (decimal 218)
   defining Unicode char U+00DB (decimal 219)
   defining Unicode char U+00DC (decimal 220)
   defining Unicode char U+00DD (decimal 221)
   defining Unicode char U+00DE (decimal 222)
   defining Unicode char U+00DF (decimal 223)
   defining Unicode char U+00E0 (decimal 224)
   defining Unicode char U+00E1 (decimal 225)
   defining Unicode char U+00E2 (decimal 226)
   defining Unicode char U+00E3 (decimal 227)
   defining Unicode char U+00E4 (decimal 228)
   defining Unicode char U+00E5 (decimal 229)
   defining Unicode char U+00E6 (decimal 230)
   defining Unicode char U+00E7 (decimal 231)
   defining Unicode char U+00E8 (decimal 232)
   defining Unicode char U+00E9 (decimal 233)
   defining Unicode char U+00EA (decimal 234)
   defining Unicode char U+00EB (decimal 235)
   defining Unicode char U+00EC (decimal 236)
   defining Unicode char U+00ED (decimal 237)
   defining Unicode char U+00EE (decimal 238)
   defining Unicode char U+00EF (decimal 239)
   defining Unicode char U+00F0 (decimal 240)
   defining Unicode char U+00F1 (decimal 241)
   defining Unicode char U+00F2 (decimal 242)
   defining Unicode char U+00F3 (decimal 243)
   defining Unicode char U+00F4 (decimal 244)
   defining Unicode char U+00F5 (decimal 245)
   defining Unicode char U+00F6 (decimal 246)
   defining Unicode char U+00F8 (decimal 248)
   defining Unicode char U+00F9 (decimal 249)
   defining Unicode char U+00FA (decimal 250)
   defining Unicode char U+00FB (decimal 251)
   defining Unicode char U+00FC (decimal 252)
   defining Unicode char U+00FD (decimal 253)
   defining Unicode char U+00FE (decimal 254)
   defining Unicode char U+00FF (decimal 255)
   defining Unicode char U+0102 (decimal 258)
   defining Unicode char U+0103 (decimal 259)
   defining Unicode char U+0104 (decimal 260)
   defining Unicode char U+0105 (decimal 261)
   defining Unicode char U+0106 (decimal 262)
   defining Unicode char U+0107 (decimal 263)
   defining Unicode char U+010C (decimal 268)
   defining Unicode char U+010D (decimal 269)
   defining Unicode char U+010E (decimal 270)
   defining Unicode char U+010F (decimal 271)
   defining Unicode char U+0110 (decimal 272)
   defining Unicode char U+0111 (decimal 273)
   defining Unicode char U+0118 (decimal 280)
   defining Unicode char U+0119 (decimal 281)
   defining Unicode char U+011A (decimal 282)
   defining Unicode char U+011B (decimal 283)
   defining Unicode char U+011E (decimal 286)
   defining Unicode char U+011F (decimal 287)
   defining Unicode char U+0130 (decimal 304)
   defining Unicode char U+0131 (decimal 305)
   defining Unicode char U+0132 (decimal 306)
   defining Unicode char U+0133 (decimal 307)
   defining Unicode char U+0139 (decimal 313)
   defining Unicode char U+013A (decimal 314)
   defining Unicode char U+013D (decimal 317)
   defining Unicode char U+013E (decimal 318)
   defining Unicode char U+0141 (decimal 321)
   defining Unicode char U+0142 (decimal 322)
   defining Unicode char U+0143 (decimal 323)
   defining Unicode char U+0144 (decimal 324)
   defining Unicode char U+0147 (decimal 327)
   defining Unicode char U+0148 (decimal 328)
   defining Unicode char U+014A (decimal 330)
   defining Unicode char U+014B (decimal 331)
   defining Unicode char U+0150 (decimal 336)
   defining Unicode char U+0151 (decimal 337)
   defining Unicode char U+0152 (decimal 338)
   defining Unicode char U+0153 (decimal 339)
   defining Unicode char U+0154 (decimal 340)
   defining Unicode char U+0155 (decimal 341)
   defining Unicode char U+0158 (decimal 344)
   defining Unicode char U+0159 (decimal 345)
   defining Unicode char U+015A (decimal 346)
   defining Unicode char U+015B (decimal 347)
   defining Unicode char U+015E (decimal 350)
   defining Unicode char U+015F (decimal 351)
   defining Unicode char U+0160 (decimal 352)
   defining Unicode char U+0161 (decimal 353)
   defining Unicode char U+0162 (decimal 354)
   defining Unicode char U+0163 (decimal 355)
   defining Unicode char U+0164 (decimal 356)
   defining Unicode char U+0165 (decimal 357)
   defining Unicode char U+016E (decimal 366)
   defining Unicode char U+016F (decimal 367)
   defining Unicode char U+0170 (decimal 368)
   defining Unicode char U+0171 (decimal 369)
   defining Unicode char U+0178 (decimal 376)
   defining Unicode char U+0179 (decimal 377)
   defining Unicode char U+017A (decimal 378)
   defining Unicode char U+017B (decimal 379)
   defining Unicode char U+017C (decimal 380)
   defining Unicode char U+017D (decimal 381)
   defining Unicode char U+017E (decimal 382)
   defining Unicode char U+200C (decimal 8204)
   defining Unicode char U+2013 (decimal 8211)
   defining Unicode char U+2014 (decimal 8212)
   defining Unicode char U+2018 (decimal 8216)
   defining Unicode char U+2019 (decimal 8217)
   defining Unicode char U+201A (decimal 8218)
   defining Unicode char U+201C (decimal 8220)
   defining Unicode char U+201D (decimal 8221)
   defining Unicode char U+201E (decimal 8222)
   defining Unicode char U+2030 (decimal 8240)
   defining Unicode char U+2031 (decimal 8241)
   defining Unicode char U+2039 (decimal 8249)
   defining Unicode char U+203A (decimal 8250)
   defining Unicode char U+2423 (decimal 9251)
)
Now handling font encoding OT1 ...
... processing UTF-8 mapping file for font encoding OT1

(/usr/share/texlive/texmf-dist/tex/latex/base/ot1enc.dfu
File: ot1enc.dfu 2008/04/05 v1.1m UTF-8 support for inputenc
   defining Unicode char U+00A1 (decimal 161)
   defining Unicode char U+00A3 (decimal 163)
   defining Unicode char U+00B8 (decimal 184)
   defining Unicode char U+00BF (decimal 191)
   defining Unicode char U+00C5 (decimal 197)
   defining Unicode char U+00C6 (decimal 198)
   defining Unicode char U+00D8 (decimal 216)
   defining Unicode char U+00DF (decimal 223)
   defining Unicode char U+00E6 (decimal 230)
   defining Unicode char U+00EC (decimal 236)
   defining Unicode char U+00ED (decimal 237)
   defining Unicode char U+00EE (decimal 238)
   defining Unicode char U+00EF (decimal 239)
   defining Unicode char U+00F8 (decimal 248)
   defining Unicode char U+0131 (decimal 305)
   defining Unicode char U+0141 (decimal 321)
   defining Unicode char U+0142 (decimal 322)
   defining Unicode char U+0152 (decimal 338)
   defining Unicode char U+0153 (decimal 339)
   defining Unicode char U+2013 (decimal 8211)
   defining Unicode char U+2014 (decimal 8212)
   defining Unicode char U+2018 (decimal 8216)
   defining Unicode char U+2019 (decimal 8217)
   defining Unicode char U+201C (decimal 8220)
   defining Unicode char U+201D (decimal 8221)
)
Now handling font encoding OMS ...
... processing UTF-8 mapping file for font encoding OMS

(/usr/share/texlive/texmf-dist/tex/latex/base/omsenc.dfu
File: omsenc.dfu 2008/04/05 v1.1m UTF-8 support for inputenc
   defining Unicode char U+00A7 (decimal 167)
   defining Unicode char U+00B6 (decimal 182)
   defining Unicode char U+00B7 (decimal 183)
   defining Unicode char U+2020 (decimal 8224)
   defining Unicode char U+2021 (decimal 8225)
   defining Unicode char U+2022 (decimal 8226)
)
Now handling font encoding OMX ...
... no UTF-8 mapping file for font encoding OMX
Now handling font encoding U ...
... no UTF-8 mapping file for font encoding U
   defining Unicode char U+00A9 (decimal 169)
   defining Unicode char U+00AA (decimal 170)
   defining Unicode char U+00AE (decimal 174)
   defining Unicode char U+00BA (decimal 186)
   defining Unicode char U+02C6 (decimal 710)
   defining Unicode char U+02DC (decimal 732)
   defining Unicode char U+200C (decimal 8204)
   defining Unicode char U+2026 (decimal 8230)
   defining Unicode char U+2122 (decimal 8482)
   defining Unicode char U+2423 (decimal 9251)
))
(/usr/share/texlive/texmf-dist/tex/generic/babel/babel.sty
Package: babel 2013/12/03 3.9h The Babel package

(/usr/share/texlive/texmf-dist/tex/generic/babel-spanish/spanish.ldf
Language: spanish.ldf 2014/01/29 v5.0m Spanish support from the babel system

(/usr/share/texlive/texmf-dist/tex/generic/babel/babel.def
File: babel.def 2013/12/03 3.9h Babel common definitions
\babel@savecnt=\count89
\U@D=\dimen103
)
\es@datefmt=\count90
\es@quottoks=\toks16
\es@quotdepth=\count91
Package babel Info: Making " an active character on input line 496.
Package babel Info: Making . an active character on input line 599.
Package babel Info: Making < an active character on input line 644.
Package babel Info: Making > an active character on input line 644.
))
(/usr/share/texlive/texmf-dist/tex/latex/base/fontenc.sty
Package: fontenc 2005/09/27 v1.99g Standard LaTeX package

(/usr/share/texlive/texmf-dist/tex/latex/base/t1enc.def
File: t1enc.def 2005/09/27 v1.99g Standard LaTeX file
LaTeX Font Info:    Redeclaring font encoding T1 on input line 43.
))
(/usr/share/texlive/texmf-dist/tex/latex/tocbibind/tocbibind.sty
Package: tocbibind 2010/10/13 v1.5k extra ToC listings
Package tocbibind Info: The document has section divisions on input line 50.


Package tocbibind Note: Using section or other style headings.

) (/usr/share/texlive/texmf-dist/tex/latex/titlesec/titlesec.sty
Package: titlesec 2011/12/15 v2.10.0 Sectioning titles
\ttl@box=\box26
\beforetitleunit=\skip45
\aftertitleunit=\skip46
\ttl@plus=\dimen104
\ttl@minus=\dimen105
\ttl@toksa=\toks17
\titlewidth=\dimen106
\titlewidthlast=\dimen107
\titlewidthfirst=\dimen108
)
(/usr/share/texlive/texmf-dist/tex/latex/amsmath/amsmath.sty
Package: amsmath 2013/01/14 v2.14 AMS math features
\@mathmargin=\skip47

For additional information on amsmath, use the `?' option.
(/usr/share/texlive/texmf-dist/tex/latex/amsmath/amstext.sty
Package: amstext 2000/06/29 v2.01

(/usr/share/texlive/texmf-dist/tex/latex/amsmath/amsgen.sty
File: amsgen.sty 1999/11/30 v2.0
\@emptytoks=\toks18
\ex@=\dimen109
))
(/usr/share/texlive/texmf-dist/tex/latex/amsmath/amsbsy.sty
Package: amsbsy 1999/11/29 v1.2d
\pmbraise@=\dimen110
)
(/usr/share/texlive/texmf-dist/tex/latex/amsmath/amsopn.sty
Package: amsopn 1999/12/14 v2.01 operator names
)
\inf@bad=\count92
LaTeX Info: Redefining \frac on input line 210.
\uproot@=\count93
\leftroot@=\count94
LaTeX Info: Redefining \overline on input line 306.
\classnum@=\count95
\DOTSCASE@=\count96
LaTeX Info: Redefining \ldots on input line 378.
LaTeX Info: Redefining \dots on input line 381.
LaTeX Info: Redefining \cdots on input line 466.
\Mathstrutbox@=\box27
\strutbox@=\box28
\big@size=\dimen111
LaTeX Font Info:    Redeclaring font encoding OML on input line 566.
LaTeX Font Info:    Redeclaring font encoding OMS on input line 567.
\macc@depth=\count97
\c@MaxMatrixCols=\count98
\dotsspace@=\muskip10
\c@parentequation=\count99
\dspbrk@lvl=\count100
\tag@help=\toks19
\row@=\count101
\column@=\count102
\maxfields@=\count103
\andhelp@=\toks20
\eqnshift@=\dimen112
\alignsep@=\dimen113
\tagshift@=\dimen114
\tagwidth@=\dimen115
\totwidth@=\dimen116
\lineht@=\dimen117
\@envbody=\toks21
\multlinegap=\skip48
\multlinetaggap=\skip49
\mathdisplay@stack=\toks22
LaTeX Info: Redefining \[ on input line 2665.
LaTeX Info: Redefining \] on input line 2666.
)
(/usr/share/texlive/texmf-dist/tex/latex/amsfonts/amssymb.sty
Package: amssymb 2013/01/14 v3.01 AMS font symbols

(/usr/share/texlive/texmf-dist/tex/latex/amsfonts/amsfonts.sty
Package: amsfonts 2013/01/14 v3.01 Basic AMSFonts support
\symAMSa=\mathgroup4
\symAMSb=\mathgroup5
LaTeX Font Info:    Overwriting math alphabet `\mathfrak' in version `bold'
(Font)                  U/euf/m/n --> U/euf/b/n on input line 106.
))
(/usr/share/texlive/texmf-dist/tex/latex/jknapltx/mathrsfs.sty
Package: mathrsfs 1996/01/01 Math RSFS package v1.0 (jk)
\symrsfs=\mathgroup6
)
(/usr/share/texlive/texmf-dist/tex/latex/hyperref/hyperref.sty
Package: hyperref 2012/11/06 v6.83m Hypertext links for LaTeX

(/usr/share/texlive/texmf-dist/tex/generic/oberdiek/hobsub-hyperref.sty
Package: hobsub-hyperref 2012/05/28 v1.13 Bundle oberdiek, subset hyperref (HO)


(/usr/share/texlive/texmf-dist/tex/generic/oberdiek/hobsub-generic.sty
Package: hobsub-generic 2012/05/28 v1.13 Bundle oberdiek, subset generic (HO)
Package: hobsub 2012/05/28 v1.13 Construct package bundles (HO)
Package: infwarerr 2010/04/08 v1.3 Providing info/warning/error messages (HO)
Package: ltxcmds 2011/11/09 v1.22 LaTeX kernel commands for general use (HO)
Package: ifluatex 2010/03/01 v1.3 Provides the ifluatex switch (HO)
Package ifluatex Info: LuaTeX not detected.
Package: ifvtex 2010/03/01 v1.5 Detect VTeX and its facilities (HO)
Package ifvtex Info: VTeX not detected.
Package: intcalc 2007/09/27 v1.1 Expandable calculations with integers (HO)
Package: ifpdf 2011/01/30 v2.3 Provides the ifpdf switch (HO)
Package ifpdf Info: pdfTeX in PDF mode is detected.
Package: etexcmds 2011/02/16 v1.5 Avoid name clashes with e-TeX commands (HO)
Package etexcmds Info: Could not find \expanded.
(etexcmds)             That can mean that you are not using pdfTeX 1.50 or
(etexcmds)             that some package has redefined \expanded.
(etexcmds)             In the latter case, load this package earlier.
Package: kvsetkeys 2012/04/25 v1.16 Key value parser (HO)
Package: kvdefinekeys 2011/04/07 v1.3 Define keys (HO)
Package: pdftexcmds 2011/11/29 v0.20 Utility functions of pdfTeX for LuaTeX (HO
)
Package pdftexcmds Info: LuaTeX not detected.
Package pdftexcmds Info: \pdf@primitive is available.
Package pdftexcmds Info: \pdf@ifprimitive is available.
Package pdftexcmds Info: \pdfdraftmode found.
Package: pdfescape 2011/11/25 v1.13 Implements pdfTeX's escape features (HO)
Package: bigintcalc 2012/04/08 v1.3 Expandable calculations on big integers (HO
)
Package: bitset 2011/01/30 v1.1 Handle bit-vector datatype (HO)
Package: uniquecounter 2011/01/30 v1.2 Provide unlimited unique counter (HO)
)
Package hobsub Info: Skipping package `hobsub' (already loaded).
Package: letltxmacro 2010/09/02 v1.4 Let assignment for LaTeX macros (HO)
Package: hopatch 2012/05/28 v1.2 Wrapper for package hooks (HO)
Package: xcolor-patch 2011/01/30 xcolor patch
Package: atveryend 2011/06/30 v1.8 Hooks at the very end of document (HO)
Package atveryend Info: \enddocument detected (standard20110627).
Package: atbegshi 2011/10/05 v1.16 At begin shipout hook (HO)
Package: refcount 2011/10/16 v3.4 Data extraction from label references (HO)
Package: hycolor 2011/01/30 v1.7 Color options for hyperref/bookmark (HO)
)
(/usr/share/texlive/texmf-dist/tex/latex/graphics/keyval.sty
Package: keyval 1999/03/16 v1.13 key=value parser (DPC)
\KV@toks@=\toks23
)
(/usr/share/texlive/texmf-dist/tex/generic/ifxetex/ifxetex.sty
Package: ifxetex 2010/09/12 v0.6 Provides ifxetex conditional
)
(/usr/share/texlive/texmf-dist/tex/latex/oberdiek/auxhook.sty
Package: auxhook 2011/03/04 v1.3 Hooks for auxiliary files (HO)
)
(/usr/share/texlive/texmf-dist/tex/latex/oberdiek/kvoptions.sty
Package: kvoptions 2011/06/30 v3.11 Key value format for package options (HO)
)
\@linkdim=\dimen118
\Hy@linkcounter=\count104
\Hy@pagecounter=\count105

(/usr/share/texlive/texmf-dist/tex/latex/hyperref/pd1enc.def
File: pd1enc.def 2012/11/06 v6.83m Hyperref: PDFDocEncoding definition (HO)
Now handling font encoding PD1 ...
... no UTF-8 mapping file for font encoding PD1
)
\Hy@SavedSpaceFactor=\count106

(/usr/share/texlive/texmf-dist/tex/latex/latexconfig/hyperref.cfg
File: hyperref.cfg 2002/06/06 v1.2 hyperref configuration of TeXLive
)
Package hyperref Info: Hyper figures OFF on input line 4443.
Package hyperref Info: Link nesting OFF on input line 4448.
Package hyperref Info: Hyper index ON on input line 4451.
Package hyperref Info: Plain pages OFF on input line 4458.
Package hyperref Info: Backreferencing OFF on input line 4463.
Package hyperref Info: Implicit mode ON; LaTeX internals redefined.
Package hyperref Info: Bookmarks ON on input line 4688.
\c@Hy@tempcnt=\count107

(/usr/share/texlive/texmf-dist/tex/latex/url/url.sty
\Urlmuskip=\muskip11
Package: url 2013/09/16  ver 3.4  Verb mode for urls, etc.
)
LaTeX Info: Redefining \url on input line 5041.
\XeTeXLinkMargin=\dimen119
\Fld@menulength=\count108
\Field@Width=\dimen120
\Fld@charsize=\dimen121
Package hyperref Info: Hyper figures OFF on input line 6295.
Package hyperref Info: Link nesting OFF on input line 6300.
Package hyperref Info: Hyper index ON on input line 6303.
Package hyperref Info: backreferencing OFF on input line 6310.
Package hyperref Info: Link coloring OFF on input line 6315.
Package hyperref Info: Link coloring with OCG OFF on input line 6320.
Package hyperref Info: PDF/A mode OFF on input line 6325.
LaTeX Info: Redefining \ref on input line 6365.
LaTeX Info: Redefining \pageref on input line 6369.
\Hy@abspage=\count109
\c@Item=\count110
\c@Hfootnote=\count111
)

Package hyperref Message: Driver (autodetected): hpdftex.

(/usr/share/texlive/texmf-dist/tex/latex/hyperref/hpdftex.def
File: hpdftex.def 2012/11/06 v6.83m Hyperref driver for pdfTeX
\Fld@listcount=\count112
\c@bookmark@seq@number=\count113

(/usr/share/texlive/texmf-dist/tex/latex/oberdiek/rerunfilecheck.sty
Package: rerunfilecheck 2011/04/15 v1.7 Rerun checks for auxiliary files (HO)
Package uniquecounter Info: New unique counter `rerunfilecheck' on input line 2
82.
)
\Hy@SectionHShift=\skip50
)
(/usr/share/texlive/texmf-dist/tex/latex/listings/listings.sty
\lst@mode=\count114
\lst@gtempboxa=\box29
\lst@token=\toks24
\lst@length=\count115
\lst@currlwidth=\dimen122
\lst@column=\count116
\lst@pos=\count117
\lst@lostspace=\dimen123
\lst@width=\dimen124
\lst@newlines=\count118
\lst@lineno=\count119
\lst@maxwidth=\dimen125

(/usr/share/texlive/texmf-dist/tex/latex/listings/lstmisc.sty
File: lstmisc.sty 2013/08/26 1.5b (Carsten Heinz)
\c@lstnumber=\count120
\lst@skipnumbers=\count121
\lst@framebox=\box30
)
(/usr/share/texlive/texmf-dist/tex/latex/listings/listings.cfg
File: listings.cfg 2013/08/26 1.5b listings configuration
))
Package: listings 2013/08/26 1.5b (Carsten Heinz)

(/usr/share/texlive/texmf-dist/tex/latex/anysize/anysize.sty
Package: anysize 1994/08/13 setting margin sizes

document style option `anysize' loaded
Michael Salzenberg, Thomas Esser, Dirk Hillbrecht
Version 1.0, Aug 13, 1994
\@Leftmargin=\dimen126
\@Rightmargin=\dimen127
\@Topmargin=\dimen128
\@Bottommargin=\dimen129
) (/usr/share/texlive/texmf-dist/tex/latex/algorithms/algorithmic.sty
Package: algorithmic 2009/08/24 v0.1 Document Style `algorithmic'

(/usr/share/texlive/texmf-dist/tex/latex/base/ifthen.sty
Package: ifthen 2001/05/26 v1.1c Standard LaTeX ifthen package (DPC)
)
\c@ALC@unique=\count122
\c@ALC@line=\count123
\c@ALC@rem=\count124
\c@ALC@depth=\count125
\ALC@tlm=\skip51
\algorithmicindent=\skip52
)
(/usr/share/texlive/texmf-dist/tex/latex/algorithms/algorithm.sty
Package: algorithm 2009/08/24 v0.1 Document Style `algorithm' - floating enviro
nment

(/usr/share/texlive/texmf-dist/tex/latex/float/float.sty
Package: float 2001/11/08 v1.3d Float enhancements (AL)
\c@float@type=\count126
\float@exts=\toks25
\float@box=\box31
\@float@everytoks=\toks26
\@floatcapt=\box32
)
\@float@every@algorithm=\toks27
\c@algorithm=\count127
)
(/usr/share/texlive/texmf-dist/tex/latex/appendix/appendix.sty
Package: appendix 2009/09/02 v1.2b extra appendix facilities
\c@@pps=\count128
\c@@ppsavesec=\count129
\c@@ppsaveapp=\count130
)
(/usr/share/texlive/texmf-dist/tex/latex/graphics/graphicx.sty
Package: graphicx 1999/02/16 v1.0f Enhanced LaTeX Graphics (DPC,SPQR)

(/usr/share/texlive/texmf-dist/tex/latex/graphics/graphics.sty
Package: graphics 2009/02/05 v1.0o Standard LaTeX Graphics (DPC,SPQR)

(/usr/share/texlive/texmf-dist/tex/latex/graphics/trig.sty
Package: trig 1999/03/16 v1.09 sin cos tan (DPC)
)
(/usr/share/texlive/texmf-dist/tex/latex/latexconfig/graphics.cfg
File: graphics.cfg 2010/04/23 v1.9 graphics configuration of TeX Live
)
Package graphics Info: Driver file: pdftex.def on input line 91.

(/usr/share/texlive/texmf-dist/tex/latex/pdftex-def/pdftex.def
File: pdftex.def 2011/05/27 v0.06d Graphics/color for pdfTeX
\Gread@gobject=\count131
))
\Gin@req@height=\dimen130
\Gin@req@width=\dimen131
)
(/usr/share/texlive/texmf-dist/tex/latex/subfigure/subfigure.sty
Package: subfigure 2002/03/15 v2.1.5 subfigure package
\subfigtopskip=\skip53
\subfigcapskip=\skip54
\subfigcaptopadj=\dimen132
\subfigbottomskip=\skip55
\subfigcapmargin=\dimen133
\subfiglabelskip=\skip56
\c@subfigure=\count132
\c@lofdepth=\count133
\c@subtable=\count134
\c@lotdepth=\count135

****************************************
* Local config file subfigure.cfg used *
****************************************
(/usr/share/texlive/texmf-dist/tex/latex/subfigure/subfigure.cfg)
\subfig@top=\skip57
\subfig@bottom=\skip58
)
(/usr/share/texlive/texmf-dist/tex/latex/graphics/color.sty
Package: color 2005/11/14 v1.0j Standard LaTeX Color (DPC)

(/usr/share/texlive/texmf-dist/tex/latex/latexconfig/color.cfg
File: color.cfg 2007/01/18 v1.5 color configuration of teTeX/TeXLive
)
Package color Info: Driver file: pdftex.def on input line 130.

(/usr/share/texlive/texmf-dist/tex/latex/graphics/dvipsnam.def
File: dvipsnam.def 1999/02/16 v3.0i Driver-dependant file (DPC,SPQR)
))
(/usr/share/texlive/texmf-dist/tex/latex/fancyhdr/fancyhdr.sty
\fancy@headwidth=\skip59
\f@ncyO@elh=\skip60
\f@ncyO@erh=\skip61
\f@ncyO@olh=\skip62
\f@ncyO@orh=\skip63
\f@ncyO@elf=\skip64
\f@ncyO@erf=\skip65
\f@ncyO@olf=\skip66
\f@ncyO@orf=\skip67
)
(/usr/share/texlive/texmf-dist/tex/latex/listings/lstlang1.sty
File: lstlang1.sty 2013/08/26 1.5b listings language file
)
(/usr/share/texlive/texmf-dist/tex/latex/listings/lstmisc.sty
File: lstmisc.sty 2013/08/26 1.5b (Carsten Heinz)
) (./main.aux
LaTeX Info: Redefining \. on input line 23.
LaTeX Info: Redefining \% on input line 23.
)
\openout1 = `main.aux'.

LaTeX Font Info:    Checking defaults for OML/cmm/m/it on input line 70.
LaTeX Font Info:    ... okay on input line 70.
LaTeX Font Info:    Checking defaults for T1/cmr/m/n on input line 70.
LaTeX Font Info:    ... okay on input line 70.
LaTeX Font Info:    Checking defaults for OT1/cmr/m/n on input line 70.
LaTeX Font Info:    ... okay on input line 70.
LaTeX Font Info:    Checking defaults for OMS/cmsy/m/n on input line 70.
LaTeX Font Info:    ... okay on input line 70.
LaTeX Font Info:    Checking defaults for OMX/cmex/m/n on input line 70.
LaTeX Font Info:    ... okay on input line 70.
LaTeX Font Info:    Checking defaults for U/cmr/m/n on input line 70.
LaTeX Font Info:    ... okay on input line 70.
LaTeX Font Info:    Checking defaults for PD1/pdf/m/n on input line 70.
LaTeX Font Info:    ... okay on input line 70.
LaTeX Info: Redefining \. on input line 70.
LaTeX Info: Redefining \% on input line 70.
\AtBeginShipoutBox=\box33
Package hyperref Info: Link coloring OFF on input line 70.

(/usr/share/texlive/texmf-dist/tex/latex/hyperref/nameref.sty
Package: nameref 2012/10/27 v2.43 Cross-referencing by name of section

(/usr/share/texlive/texmf-dist/tex/generic/oberdiek/gettitlestring.sty
Package: gettitlestring 2010/12/03 v1.4 Cleanup title references (HO)
)
\c@section@level=\count136
)
LaTeX Info: Redefining \ref on input line 70.
LaTeX Info: Redefining \pageref on input line 70.
LaTeX Info: Redefining \nameref on input line 70.

(./main.out) (./main.out)
\@outlinefile=\write3
\openout3 = `main.out'.

\c@lstlisting=\count137

(/usr/share/texlive/texmf-dist/tex/context/base/supp-pdf.mkii
[Loading MPS to PDF converter (version 2006.09.02).]
\scratchcounter=\count138
\scratchdimen=\dimen134
\scratchbox=\box34
\nofMPsegments=\count139
\nofMParguments=\count140
\everyMPshowfont=\toks28
\MPscratchCnt=\count141
\MPscratchDim=\dimen135
\MPnumerator=\count142
\makeMPintoPDFobject=\count143
\everyMPtoPDFconversion=\toks29
) (/usr/share/texlive/texmf-dist/tex/latex/oberdiek/epstopdf-base.sty
Package: epstopdf-base 2010/02/09 v2.5 Base part for package epstopdf

(/usr/share/texlive/texmf-dist/tex/latex/oberdiek/grfext.sty
Package: grfext 2010/08/19 v1.1 Manage graphics extensions (HO)
)
Package grfext Info: Graphics extension search list:
(grfext)             [.png,.jpg,.pdf,.mps,.gif,.bmp,.eps]
(grfext)             \AppendGraphicsExtensions on input line 452.

(/usr/share/texlive/texmf-dist/tex/latex/latexconfig/epstopdf-sys.cfg
File: epstopdf-sys.cfg 2010/07/13 v1.3 Configuration of (r)epstopdf for TeX Liv
e
))
(./chapters/title.tex <figures/utfsm.jpg, id=179, 243.0681pt x 177.5433pt>
File: figures/utfsm.jpg Graphic file (type jpg)

<use figures/utfsm.jpg>
Package pdftex.def Info: figures/utfsm.jpg used on input line 10.
(pdftex.def)             Requested size: 128.80693pt x 94.08394pt.
Package babel Info: Redefining spanish shorthand <<
(babel)             in language append on input line 28.
Package babel Info: Redefining spanish shorthand >>
(babel)             in language append on input line 28.
Package babel Info: Redefining spanish shorthand "=
(babel)             in language append on input line 28.
Package babel Info: Redefining spanish shorthand "~
(babel)             in language append on input line 28.
Package babel Info: Redefining spanish shorthand "!
(babel)             in language append on input line 28.
Package babel Info: Redefining spanish shorthand "?
(babel)             in language append on input line 28.
Package babel Info: Redefining spanish shorthand <<
(babel)             in language append on input line 28.
Package babel Info: Redefining spanish shorthand >>
(babel)             in language append on input line 28.
Package babel Info: Redefining spanish shorthand "=
(babel)             in language append on input line 28.
Package babel Info: Redefining spanish shorthand "~
(babel)             in language append on input line 28.
Package babel Info: Redefining spanish shorthand "!
(babel)             in language append on input line 28.
Package babel Info: Redefining spanish shorthand "?
(babel)             in language append on input line 28.
 [1

{/var/lib/texmf/fonts/map/pdftex/updmap/pdftex.map} <./figures/utfsm.jpg>]) (./
chapters/dedicado.tex)

Package Fancyhdr Warning: \headheight is too small (12.0pt): 
 Make it at least 14.49998pt.
 We now make it that large for the rest of the document.
 This may cause the page layout to be inconsistent, however.

Package babel Info: Redefining spanish shorthand <<
(babel)             in language append on input line 74.
Package babel Info: Redefining spanish shorthand >>
(babel)             in language append on input line 74.
Package babel Info: Redefining spanish shorthand "=
(babel)             in language append on input line 74.
Package babel Info: Redefining spanish shorthand "~
(babel)             in language append on input line 74.
Package babel Info: Redefining spanish shorthand "!
(babel)             in language append on input line 74.
Package babel Info: Redefining spanish shorthand "?
(babel)             in language append on input line 74.
Package babel Info: Redefining spanish shorthand <<
(babel)             in language append on input line 74.
Package babel Info: Redefining spanish shorthand >>
(babel)             in language append on input line 74.
Package babel Info: Redefining spanish shorthand "=
(babel)             in language append on input line 74.
Package babel Info: Redefining spanish shorthand "~
(babel)             in language append on input line 74.
Package babel Info: Redefining spanish shorthand "!
(babel)             in language append on input line 74.
Package babel Info: Redefining spanish shorthand "?
(babel)             in language append on input line 74.
pdfTeX warning (ext4): destination with the same identifier (name{page.1}) has 
been already used, duplicate ignored
<to be read again> 
                   \relax 
l.74 \newpage
              [1] (./chapters/resumen.tex
LaTeX Font Info:    Try loading font information for T1+cmss on input line 3.

(/usr/share/texlive/texmf-dist/tex/latex/base/t1cmss.fd
File: t1cmss.fd 1999/05/25 v2.5h Standard LaTeX font definitions
)
LaTeX Font Info:    Try loading font information for U+msa on input line 10.

(/usr/share/texlive/texmf-dist/tex/latex/amsfonts/umsa.fd
File: umsa.fd 2013/01/14 v3.01 AMS symbols A
)
LaTeX Font Info:    Try loading font information for U+msb on input line 10.

(/usr/share/texlive/texmf-dist/tex/latex/amsfonts/umsb.fd
File: umsb.fd 2013/01/14 v3.01 AMS symbols B
)
LaTeX Font Info:    Try loading font information for U+rsfs on input line 10.

(/usr/share/texlive/texmf-dist/tex/latex/jknapltx/ursfs.fd
File: ursfs.fd 1998/03/24 rsfs font definition file (jk)
))
Package babel Info: Redefining spanish shorthand <<
(babel)             in language append on input line 78.
Package babel Info: Redefining spanish shorthand >>
(babel)             in language append on input line 78.
Package babel Info: Redefining spanish shorthand "=
(babel)             in language append on input line 78.
Package babel Info: Redefining spanish shorthand "~
(babel)             in language append on input line 78.
Package babel Info: Redefining spanish shorthand "!
(babel)             in language append on input line 78.
Package babel Info: Redefining spanish shorthand "?
(babel)             in language append on input line 78.
Package babel Info: Redefining spanish shorthand <<
(babel)             in language append on input line 78.
Package babel Info: Redefining spanish shorthand >>
(babel)             in language append on input line 78.
Package babel Info: Redefining spanish shorthand "=
(babel)             in language append on input line 78.
Package babel Info: Redefining spanish shorthand "~
(babel)             in language append on input line 78.
Package babel Info: Redefining spanish shorthand "!
(babel)             in language append on input line 78.
Package babel Info: Redefining spanish shorthand "?
(babel)             in language append on input line 78.
 [2]
Package babel Info: Redefining spanish shorthand <<
(babel)             in language append on input line 79.
Package babel Info: Redefining spanish shorthand >>
(babel)             in language append on input line 79.
Package babel Info: Redefining spanish shorthand "=
(babel)             in language append on input line 79.
Package babel Info: Redefining spanish shorthand "~
(babel)             in language append on input line 79.
Package babel Info: Redefining spanish shorthand "!
(babel)             in language append on input line 79.
Package babel Info: Redefining spanish shorthand "?
(babel)             in language append on input line 79.
 (./main.toc
LaTeX Info: Redefining \. on input line 1.
LaTeX Info: Redefining \% on input line 1.
Package babel Info: Redefining spanish shorthand <<
(babel)             in language append on input line 43.
Package babel Info: Redefining spanish shorthand >>
(babel)             in language append on input line 43.
Package babel Info: Redefining spanish shorthand "=
(babel)             in language append on input line 43.
Package babel Info: Redefining spanish shorthand "~
(babel)             in language append on input line 43.
Package babel Info: Redefining spanish shorthand "!
(babel)             in language append on input line 43.
Package babel Info: Redefining spanish shorthand "?
(babel)             in language append on input line 43.
Package babel Info: Redefining spanish shorthand <<
(babel)             in language append on input line 43.
Package babel Info: Redefining spanish shorthand >>
(babel)             in language append on input line 43.
Package babel Info: Redefining spanish shorthand "=
(babel)             in language append on input line 43.
Package babel Info: Redefining spanish shorthand "~
(babel)             in language append on input line 43.
Package babel Info: Redefining spanish shorthand "!
(babel)             in language append on input line 43.
Package babel Info: Redefining spanish shorthand "?
(babel)             in language append on input line 43.

[3])
\tf@toc=\write4
\openout4 = `main.toc'.

Package babel Info: Redefining spanish shorthand <<
(babel)             in language append on input line 80.
Package babel Info: Redefining spanish shorthand >>
(babel)             in language append on input line 80.
Package babel Info: Redefining spanish shorthand "=
(babel)             in language append on input line 80.
Package babel Info: Redefining spanish shorthand "~
(babel)             in language append on input line 80.
Package babel Info: Redefining spanish shorthand "!
(babel)             in language append on input line 80.
Package babel Info: Redefining spanish shorthand "?
(babel)             in language append on input line 80.
Package babel Info: Redefining spanish shorthand <<
(babel)             in language append on input line 80.
Package babel Info: Redefining spanish shorthand >>
(babel)             in language append on input line 80.
Package babel Info: Redefining spanish shorthand "=
(babel)             in language append on input line 80.
Package babel Info: Redefining spanish shorthand "~
(babel)             in language append on input line 80.
Package babel Info: Redefining spanish shorthand "!
(babel)             in language append on input line 80.
Package babel Info: Redefining spanish shorthand "?
(babel)             in language append on input line 80.
 [4] (./chapters/introduction.tex
Package babel Info: Redefining spanish shorthand <<
(babel)             in language append on input line 4.
Package babel Info: Redefining spanish shorthand >>
(babel)             in language append on input line 4.
Package babel Info: Redefining spanish shorthand "=
(babel)             in language append on input line 4.
Package babel Info: Redefining spanish shorthand "~
(babel)             in language append on input line 4.
Package babel Info: Redefining spanish shorthand "!
(babel)             in language append on input line 4.
Package babel Info: Redefining spanish shorthand "?
(babel)             in language append on input line 4.
Package babel Info: Redefining spanish shorthand <<
(babel)             in language append on input line 8.
Package babel Info: Redefining spanish shorthand >>
(babel)             in language append on input line 8.
Package babel Info: Redefining spanish shorthand "=
(babel)             in language append on input line 8.
Package babel Info: Redefining spanish shorthand "~
(babel)             in language append on input line 8.
Package babel Info: Redefining spanish shorthand "!
(babel)             in language append on input line 8.
Package babel Info: Redefining spanish shorthand "?
(babel)             in language append on input line 8.
Package babel Info: Redefining spanish shorthand <<
(babel)             in language append on input line 11.
Package babel Info: Redefining spanish shorthand >>
(babel)             in language append on input line 11.
Package babel Info: Redefining spanish shorthand "=
(babel)             in language append on input line 11.
Package babel Info: Redefining spanish shorthand "~
(babel)             in language append on input line 11.
Package babel Info: Redefining spanish shorthand "!
(babel)             in language append on input line 11.
Package babel Info: Redefining spanish shorthand "?
(babel)             in language append on input line 11.
)
Package babel Info: Redefining spanish shorthand <<
(babel)             in language append on input line 85.
Package babel Info: Redefining spanish shorthand >>
(babel)             in language append on input line 85.
Package babel Info: Redefining spanish shorthand "=
(babel)             in language append on input line 85.
Package babel Info: Redefining spanish shorthand "~
(babel)             in language append on input line 85.
Package babel Info: Redefining spanish shorthand "!
(babel)             in language append on input line 85.
Package babel Info: Redefining spanish shorthand "?
(babel)             in language append on input line 85.
Package babel Info: Redefining spanish shorthand <<
(babel)             in language append on input line 85.
Package babel Info: Redefining spanish shorthand >>
(babel)             in language append on input line 85.
Package babel Info: Redefining spanish shorthand "=
(babel)             in language append on input line 85.
Package babel Info: Redefining spanish shorthand "~
(babel)             in language append on input line 85.
Package babel Info: Redefining spanish shorthand "!
(babel)             in language append on input line 85.
Package babel Info: Redefining spanish shorthand "?
(babel)             in language append on input line 85.
 [5] (./chapters/chap2.tex
Package babel Info: Redefining spanish shorthand <<
(babel)             in language append on input line 4.
Package babel Info: Redefining spanish shorthand >>
(babel)             in language append on input line 4.
Package babel Info: Redefining spanish shorthand "=
(babel)             in language append on input line 4.
Package babel Info: Redefining spanish shorthand "~
(babel)             in language append on input line 4.
Package babel Info: Redefining spanish shorthand "!
(babel)             in language append on input line 4.
Package babel Info: Redefining spanish shorthand "?
(babel)             in language append on input line 4.
Package babel Info: Redefining spanish shorthand <<
(babel)             in language append on input line 7.
Package babel Info: Redefining spanish shorthand >>
(babel)             in language append on input line 7.
Package babel Info: Redefining spanish shorthand "=
(babel)             in language append on input line 7.
Package babel Info: Redefining spanish shorthand "~
(babel)             in language append on input line 7.
Package babel Info: Redefining spanish shorthand "!
(babel)             in language append on input line 7.
Package babel Info: Redefining spanish shorthand "?
(babel)             in language append on input line 7.

(./chapters/chap2/vdaa211.tex)
Package babel Info: Redefining spanish shorthand <<
(babel)             in language append on input line 30.
Package babel Info: Redefining spanish shorthand >>
(babel)             in language append on input line 30.
Package babel Info: Redefining spanish shorthand "=
(babel)             in language append on input line 30.
Package babel Info: Redefining spanish shorthand "~
(babel)             in language append on input line 30.
Package babel Info: Redefining spanish shorthand "!
(babel)             in language append on input line 30.
Package babel Info: Redefining spanish shorthand "?
(babel)             in language append on input line 30.
 (./chapters/chap2/webb212.tex)
Package babel Info: Redefining spanish shorthand <<
(babel)             in language append on input line 34.
Package babel Info: Redefining spanish shorthand >>
(babel)             in language append on input line 34.
Package babel Info: Redefining spanish shorthand "=
(babel)             in language append on input line 34.
Package babel Info: Redefining spanish shorthand "~
(babel)             in language append on input line 34.
Package babel Info: Redefining spanish shorthand "!
(babel)             in language append on input line 34.
Package babel Info: Redefining spanish shorthand "?
(babel)             in language append on input line 34.

(./chapters/chap2/html2121.tex)
Package babel Info: Redefining spanish shorthand <<
(babel)             in language append on input line 38.
Package babel Info: Redefining spanish shorthand >>
(babel)             in language append on input line 38.
Package babel Info: Redefining spanish shorthand "=
(babel)             in language append on input line 38.
Package babel Info: Redefining spanish shorthand "~
(babel)             in language append on input line 38.
Package babel Info: Redefining spanish shorthand "!
(babel)             in language append on input line 38.
Package babel Info: Redefining spanish shorthand "?
(babel)             in language append on input line 38.
 (./chapters/chap2/xml2122.tex)
Package babel Info: Redefining spanish shorthand <<
(babel)             in language append on input line 42.
Package babel Info: Redefining spanish shorthand >>
(babel)             in language append on input line 42.
Package babel Info: Redefining spanish shorthand "=
(babel)             in language append on input line 42.
Package babel Info: Redefining spanish shorthand "~
(babel)             in language append on input line 42.
Package babel Info: Redefining spanish shorthand "!
(babel)             in language append on input line 42.
Package babel Info: Redefining spanish shorthand "?
(babel)             in language append on input line 42.

(./chapters/chap2/dom2123.tex)
Package babel Info: Redefining spanish shorthand <<
(babel)             in language append on input line 46.
Package babel Info: Redefining spanish shorthand >>
(babel)             in language append on input line 46.
Package babel Info: Redefining spanish shorthand "=
(babel)             in language append on input line 46.
Package babel Info: Redefining spanish shorthand "~
(babel)             in language append on input line 46.
Package babel Info: Redefining spanish shorthand "!
(babel)             in language append on input line 46.
Package babel Info: Redefining spanish shorthand "?
(babel)             in language append on input line 46.
 (./chapters/chap2/css2124.tex)
Package babel Info: Redefining spanish shorthand <<
(babel)             in language append on input line 50.
Package babel Info: Redefining spanish shorthand >>
(babel)             in language append on input line 50.
Package babel Info: Redefining spanish shorthand "=
(babel)             in language append on input line 50.
Package babel Info: Redefining spanish shorthand "~
(babel)             in language append on input line 50.
Package babel Info: Redefining spanish shorthand "!
(babel)             in language append on input line 50.
Package babel Info: Redefining spanish shorthand "?
(babel)             in language append on input line 50.

(./chapters/chap2/javascript2125.tex)
Package babel Info: Redefining spanish shorthand <<
(babel)             in language append on input line 54.
Package babel Info: Redefining spanish shorthand >>
(babel)             in language append on input line 54.
Package babel Info: Redefining spanish shorthand "=
(babel)             in language append on input line 54.
Package babel Info: Redefining spanish shorthand "~
(babel)             in language append on input line 54.
Package babel Info: Redefining spanish shorthand "!
(babel)             in language append on input line 54.
Package babel Info: Redefining spanish shorthand "?
(babel)             in language append on input line 54.
 (./chapters/chap2/ajax2126.tex)
Package babel Info: Redefining spanish shorthand <<
(babel)             in language append on input line 58.
Package babel Info: Redefining spanish shorthand >>
(babel)             in language append on input line 58.
Package babel Info: Redefining spanish shorthand "=
(babel)             in language append on input line 58.
Package babel Info: Redefining spanish shorthand "~
(babel)             in language append on input line 58.
Package babel Info: Redefining spanish shorthand "!
(babel)             in language append on input line 58.
Package babel Info: Redefining spanish shorthand "?
(babel)             in language append on input line 58.

(./chapters/chap2/flash2127.tex)
Package babel Info: Redefining spanish shorthand <<
(babel)             in language append on input line 62.
Package babel Info: Redefining spanish shorthand >>
(babel)             in language append on input line 62.
Package babel Info: Redefining spanish shorthand "=
(babel)             in language append on input line 62.
Package babel Info: Redefining spanish shorthand "~
(babel)             in language append on input line 62.
Package babel Info: Redefining spanish shorthand "!
(babel)             in language append on input line 62.
Package babel Info: Redefining spanish shorthand "?
(babel)             in language append on input line 62.
 (./chapters/chap2/render2128.tex)
Package babel Info: Redefining spanish shorthand <<
(babel)             in language append on input line 66.
Package babel Info: Redefining spanish shorthand >>
(babel)             in language append on input line 66.
Package babel Info: Redefining spanish shorthand "=
(babel)             in language append on input line 66.
Package babel Info: Redefining spanish shorthand "~
(babel)             in language append on input line 66.
Package babel Info: Redefining spanish shorthand "!
(babel)             in language append on input line 66.
Package babel Info: Redefining spanish shorthand "?
(babel)             in language append on input line 66.

(./chapters/chap2/browsing2129.tex)
Package babel Info: Redefining spanish shorthand <<
(babel)             in language append on input line 72.
Package babel Info: Redefining spanish shorthand >>
(babel)             in language append on input line 72.
Package babel Info: Redefining spanish shorthand "=
(babel)             in language append on input line 72.
Package babel Info: Redefining spanish shorthand "~
(babel)             in language append on input line 72.
Package babel Info: Redefining spanish shorthand "!
(babel)             in language append on input line 72.
Package babel Info: Redefining spanish shorthand "?
(babel)             in language append on input line 72.
 (./chapters/chap2/att22.tex)
Package babel Info: Redefining spanish shorthand <<
(babel)             in language append on input line 77.
Package babel Info: Redefining spanish shorthand >>
(babel)             in language append on input line 77.
Package babel Info: Redefining spanish shorthand "=
(babel)             in language append on input line 77.
Package babel Info: Redefining spanish shorthand "~
(babel)             in language append on input line 77.
Package babel Info: Redefining spanish shorthand "!
(babel)             in language append on input line 77.
Package babel Info: Redefining spanish shorthand "?
(babel)             in language append on input line 77.

(./chapters/chap2/msb23.tex)
Package babel Info: Redefining spanish shorthand <<
(babel)             in language append on input line 81.
Package babel Info: Redefining spanish shorthand >>
(babel)             in language append on input line 81.
Package babel Info: Redefining spanish shorthand "=
(babel)             in language append on input line 81.
Package babel Info: Redefining spanish shorthand "~
(babel)             in language append on input line 81.
Package babel Info: Redefining spanish shorthand "!
(babel)             in language append on input line 81.
Package babel Info: Redefining spanish shorthand "?
(babel)             in language append on input line 81.
 (./chapters/chap2/sop231.tex)
Package babel Info: Redefining spanish shorthand <<
(babel)             in language append on input line 85.
Package babel Info: Redefining spanish shorthand >>
(babel)             in language append on input line 85.
Package babel Info: Redefining spanish shorthand "=
(babel)             in language append on input line 85.
Package babel Info: Redefining spanish shorthand "~
(babel)             in language append on input line 85.
Package babel Info: Redefining spanish shorthand "!
(babel)             in language append on input line 85.
Package babel Info: Redefining spanish shorthand "?
(babel)             in language append on input line 85.

(./chapters/chap2/cors232.tex)
Package babel Info: Redefining spanish shorthand <<
(babel)             in language append on input line 89.
Package babel Info: Redefining spanish shorthand >>
(babel)             in language append on input line 89.
Package babel Info: Redefining spanish shorthand "=
(babel)             in language append on input line 89.
Package babel Info: Redefining spanish shorthand "~
(babel)             in language append on input line 89.
Package babel Info: Redefining spanish shorthand "!
(babel)             in language append on input line 89.
Package babel Info: Redefining spanish shorthand "?
(babel)             in language append on input line 89.
 (./chapters/chap2/csp233.tex)
Package babel Info: Redefining spanish shorthand <<
(babel)             in language append on input line 93.
Package babel Info: Redefining spanish shorthand >>
(babel)             in language append on input line 93.
Package babel Info: Redefining spanish shorthand "=
(babel)             in language append on input line 93.
Package babel Info: Redefining spanish shorthand "~
(babel)             in language append on input line 93.
Package babel Info: Redefining spanish shorthand "!
(babel)             in language append on input line 93.
Package babel Info: Redefining spanish shorthand "?
(babel)             in language append on input line 93.

(./chapters/chap2/sndb234.tex)
Package babel Info: Redefining spanish shorthand <<
(babel)             in language append on input line 97.
Package babel Info: Redefining spanish shorthand >>
(babel)             in language append on input line 97.
Package babel Info: Redefining spanish shorthand "=
(babel)             in language append on input line 97.
Package babel Info: Redefining spanish shorthand "~
(babel)             in language append on input line 97.
Package babel Info: Redefining spanish shorthand "!
(babel)             in language append on input line 97.
Package babel Info: Redefining spanish shorthand "?
(babel)             in language append on input line 97.
 (./chapters/chap2/httpH235.tex)
Package babel Info: Redefining spanish shorthand <<
(babel)             in language append on input line 101.
Package babel Info: Redefining spanish shorthand >>
(babel)             in language append on input line 101.
Package babel Info: Redefining spanish shorthand "=
(babel)             in language append on input line 101.
Package babel Info: Redefining spanish shorthand "~
(babel)             in language append on input line 101.
Package babel Info: Redefining spanish shorthand "!
(babel)             in language append on input line 101.
Package babel Info: Redefining spanish shorthand "?
(babel)             in language append on input line 101.

(./chapters/chap2/encoding236.tex)
Package babel Info: Redefining spanish shorthand <<
(babel)             in language append on input line 105.
Package babel Info: Redefining spanish shorthand >>
(babel)             in language append on input line 105.
Package babel Info: Redefining spanish shorthand "=
(babel)             in language append on input line 105.
Package babel Info: Redefining spanish shorthand "~
(babel)             in language append on input line 105.
Package babel Info: Redefining spanish shorthand "!
(babel)             in language append on input line 105.
Package babel Info: Redefining spanish shorthand "?
(babel)             in language append on input line 105.
 (./chapters/chap2/san237.tex)
Package babel Info: Redefining spanish shorthand <<
(babel)             in language append on input line 109.
Package babel Info: Redefining spanish shorthand >>
(babel)             in language append on input line 109.
Package babel Info: Redefining spanish shorthand "=
(babel)             in language append on input line 109.
Package babel Info: Redefining spanish shorthand "~
(babel)             in language append on input line 109.
Package babel Info: Redefining spanish shorthand "!
(babel)             in language append on input line 109.
Package babel Info: Redefining spanish shorthand "?
(babel)             in language append on input line 109.

(./chapters/chap2/otros238.tex))
Package babel Info: Redefining spanish shorthand <<
(babel)             in language append on input line 87.
Package babel Info: Redefining spanish shorthand >>
(babel)             in language append on input line 87.
Package babel Info: Redefining spanish shorthand "=
(babel)             in language append on input line 87.
Package babel Info: Redefining spanish shorthand "~
(babel)             in language append on input line 87.
Package babel Info: Redefining spanish shorthand "!
(babel)             in language append on input line 87.
Package babel Info: Redefining spanish shorthand "?
(babel)             in language append on input line 87.
Package babel Info: Redefining spanish shorthand <<
(babel)             in language append on input line 87.
Package babel Info: Redefining spanish shorthand >>
(babel)             in language append on input line 87.
Package babel Info: Redefining spanish shorthand "=
(babel)             in language append on input line 87.
Package babel Info: Redefining spanish shorthand "~
(babel)             in language append on input line 87.
Package babel Info: Redefining spanish shorthand "!
(babel)             in language append on input line 87.
Package babel Info: Redefining spanish shorthand "?
(babel)             in language append on input line 87.
 [6] (./chapters/chap3.tex
Package babel Info: Redefining spanish shorthand <<
(babel)             in language append on input line 37.
Package babel Info: Redefining spanish shorthand >>
(babel)             in language append on input line 37.
Package babel Info: Redefining spanish shorthand "=
(babel)             in language append on input line 37.
Package babel Info: Redefining spanish shorthand "~
(babel)             in language append on input line 37.
Package babel Info: Redefining spanish shorthand "!
(babel)             in language append on input line 37.
Package babel Info: Redefining spanish shorthand "?
(babel)             in language append on input line 37.
Package babel Info: Redefining spanish shorthand <<
(babel)             in language append on input line 40.
Package babel Info: Redefining spanish shorthand >>
(babel)             in language append on input line 40.
Package babel Info: Redefining spanish shorthand "=
(babel)             in language append on input line 40.
Package babel Info: Redefining spanish shorthand "~
(babel)             in language append on input line 40.
Package babel Info: Redefining spanish shorthand "!
(babel)             in language append on input line 40.
Package babel Info: Redefining spanish shorthand "?
(babel)             in language append on input line 40.
Package babel Info: Redefining spanish shorthand <<
(babel)             in language append on input line 49.
Package babel Info: Redefining spanish shorthand >>
(babel)             in language append on input line 49.
Package babel Info: Redefining spanish shorthand "=
(babel)             in language append on input line 49.
Package babel Info: Redefining spanish shorthand "~
(babel)             in language append on input line 49.
Package babel Info: Redefining spanish shorthand "!
(babel)             in language append on input line 49.
Package babel Info: Redefining spanish shorthand "?
(babel)             in language append on input line 49.
Package babel Info: Redefining spanish shorthand <<
(babel)             in language append on input line 53.
Package babel Info: Redefining spanish shorthand >>
(babel)             in language append on input line 53.
Package babel Info: Redefining spanish shorthand "=
(babel)             in language append on input line 53.
Package babel Info: Redefining spanish shorthand "~
(babel)             in language append on input line 53.
Package babel Info: Redefining spanish shorthand "!
(babel)             in language append on input line 53.
Package babel Info: Redefining spanish shorthand "?
(babel)             in language append on input line 53.
Package babel Info: Redefining spanish shorthand <<
(babel)             in language append on input line 57.
Package babel Info: Redefining spanish shorthand >>
(babel)             in language append on input line 57.
Package babel Info: Redefining spanish shorthand "=
(babel)             in language append on input line 57.
Package babel Info: Redefining spanish shorthand "~
(babel)             in language append on input line 57.
Package babel Info: Redefining spanish shorthand "!
(babel)             in language append on input line 57.
Package babel Info: Redefining spanish shorthand "?
(babel)             in language append on input line 57.
Package babel Info: Redefining spanish shorthand <<
(babel)             in language append on input line 61.
Package babel Info: Redefining spanish shorthand >>
(babel)             in language append on input line 61.
Package babel Info: Redefining spanish shorthand "=
(babel)             in language append on input line 61.
Package babel Info: Redefining spanish shorthand "~
(babel)             in language append on input line 61.
Package babel Info: Redefining spanish shorthand "!
(babel)             in language append on input line 61.
Package babel Info: Redefining spanish shorthand "?
(babel)             in language append on input line 61.
)
Package babel Info: Redefining spanish shorthand <<
(babel)             in language append on input line 89.
Package babel Info: Redefining spanish shorthand >>
(babel)             in language append on input line 89.
Package babel Info: Redefining spanish shorthand "=
(babel)             in language append on input line 89.
Package babel Info: Redefining spanish shorthand "~
(babel)             in language append on input line 89.
Package babel Info: Redefining spanish shorthand "!
(babel)             in language append on input line 89.
Package babel Info: Redefining spanish shorthand "?
(babel)             in language append on input line 89.
Package babel Info: Redefining spanish shorthand <<
(babel)             in language append on input line 89.
Package babel Info: Redefining spanish shorthand >>
(babel)             in language append on input line 89.
Package babel Info: Redefining spanish shorthand "=
(babel)             in language append on input line 89.
Package babel Info: Redefining spanish shorthand "~
(babel)             in language append on input line 89.
Package babel Info: Redefining spanish shorthand "!
(babel)             in language append on input line 89.
Package babel Info: Redefining spanish shorthand "?
(babel)             in language append on input line 89.
 [7]
(./chapters/chap4.tex
Package babel Info: Redefining spanish shorthand <<
(babel)             in language append on input line 5.
Package babel Info: Redefining spanish shorthand >>
(babel)             in language append on input line 5.
Package babel Info: Redefining spanish shorthand "=
(babel)             in language append on input line 5.
Package babel Info: Redefining spanish shorthand "~
(babel)             in language append on input line 5.
Package babel Info: Redefining spanish shorthand "!
(babel)             in language append on input line 5.
Package babel Info: Redefining spanish shorthand "?
(babel)             in language append on input line 5.
Package babel Info: Redefining spanish shorthand <<
(babel)             in language append on input line 8.
Package babel Info: Redefining spanish shorthand >>
(babel)             in language append on input line 8.
Package babel Info: Redefining spanish shorthand "=
(babel)             in language append on input line 8.
Package babel Info: Redefining spanish shorthand "~
(babel)             in language append on input line 8.
Package babel Info: Redefining spanish shorthand "!
(babel)             in language append on input line 8.
Package babel Info: Redefining spanish shorthand "?
(babel)             in language append on input line 8.
Package babel Info: Redefining spanish shorthand <<
(babel)             in language append on input line 12.
Package babel Info: Redefining spanish shorthand >>
(babel)             in language append on input line 12.
Package babel Info: Redefining spanish shorthand "=
(babel)             in language append on input line 12.
Package babel Info: Redefining spanish shorthand "~
(babel)             in language append on input line 12.
Package babel Info: Redefining spanish shorthand "!
(babel)             in language append on input line 12.
Package babel Info: Redefining spanish shorthand "?
(babel)             in language append on input line 12.
Package babel Info: Redefining spanish shorthand <<
(babel)             in language append on input line 17.
Package babel Info: Redefining spanish shorthand >>
(babel)             in language append on input line 17.
Package babel Info: Redefining spanish shorthand "=
(babel)             in language append on input line 17.
Package babel Info: Redefining spanish shorthand "~
(babel)             in language append on input line 17.
Package babel Info: Redefining spanish shorthand "!
(babel)             in language append on input line 17.
Package babel Info: Redefining spanish shorthand "?
(babel)             in language append on input line 17.
Package babel Info: Redefining spanish shorthand <<
(babel)             in language append on input line 21.
Package babel Info: Redefining spanish shorthand >>
(babel)             in language append on input line 21.
Package babel Info: Redefining spanish shorthand "=
(babel)             in language append on input line 21.
Package babel Info: Redefining spanish shorthand "~
(babel)             in language append on input line 21.
Package babel Info: Redefining spanish shorthand "!
(babel)             in language append on input line 21.
Package babel Info: Redefining spanish shorthand "?
(babel)             in language append on input line 21.
Package babel Info: Redefining spanish shorthand <<
(babel)             in language append on input line 25.
Package babel Info: Redefining spanish shorthand >>
(babel)             in language append on input line 25.
Package babel Info: Redefining spanish shorthand "=
(babel)             in language append on input line 25.
Package babel Info: Redefining spanish shorthand "~
(babel)             in language append on input line 25.
Package babel Info: Redefining spanish shorthand "!
(babel)             in language append on input line 25.
Package babel Info: Redefining spanish shorthand "?
(babel)             in language append on input line 25.
Package babel Info: Redefining spanish shorthand <<
(babel)             in language append on input line 29.
Package babel Info: Redefining spanish shorthand >>
(babel)             in language append on input line 29.
Package babel Info: Redefining spanish shorthand "=
(babel)             in language append on input line 29.
Package babel Info: Redefining spanish shorthand "~
(babel)             in language append on input line 29.
Package babel Info: Redefining spanish shorthand "!
(babel)             in language append on input line 29.
Package babel Info: Redefining spanish shorthand "?
(babel)             in language append on input line 29.
Package babel Info: Redefining spanish shorthand <<
(babel)             in language append on input line 33.
Package babel Info: Redefining spanish shorthand >>
(babel)             in language append on input line 33.
Package babel Info: Redefining spanish shorthand "=
(babel)             in language append on input line 33.
Package babel Info: Redefining spanish shorthand "~
(babel)             in language append on input line 33.
Package babel Info: Redefining spanish shorthand "!
(babel)             in language append on input line 33.
Package babel Info: Redefining spanish shorthand "?
(babel)             in language append on input line 33.
)
Package babel Info: Redefining spanish shorthand <<
(babel)             in language append on input line 91.
Package babel Info: Redefining spanish shorthand >>
(babel)             in language append on input line 91.
Package babel Info: Redefining spanish shorthand "=
(babel)             in language append on input line 91.
Package babel Info: Redefining spanish shorthand "~
(babel)             in language append on input line 91.
Package babel Info: Redefining spanish shorthand "!
(babel)             in language append on input line 91.
Package babel Info: Redefining spanish shorthand "?
(babel)             in language append on input line 91.
Package babel Info: Redefining spanish shorthand <<
(babel)             in language append on input line 91.
Package babel Info: Redefining spanish shorthand >>
(babel)             in language append on input line 91.
Package babel Info: Redefining spanish shorthand "=
(babel)             in language append on input line 91.
Package babel Info: Redefining spanish shorthand "~
(babel)             in language append on input line 91.
Package babel Info: Redefining spanish shorthand "!
(babel)             in language append on input line 91.
Package babel Info: Redefining spanish shorthand "?
(babel)             in language append on input line 91.
 [8] (./chapters/conclusion.tex
Package babel Info: Redefining spanish shorthand <<
(babel)             in language append on input line 4.
Package babel Info: Redefining spanish shorthand >>
(babel)             in language append on input line 4.
Package babel Info: Redefining spanish shorthand "=
(babel)             in language append on input line 4.
Package babel Info: Redefining spanish shorthand "~
(babel)             in language append on input line 4.
Package babel Info: Redefining spanish shorthand "!
(babel)             in language append on input line 4.
Package babel Info: Redefining spanish shorthand "?
(babel)             in language append on input line 4.
Package babel Info: Redefining spanish shorthand <<
(babel)             in language append on input line 8.
Package babel Info: Redefining spanish shorthand >>
(babel)             in language append on input line 8.
Package babel Info: Redefining spanish shorthand "=
(babel)             in language append on input line 8.
Package babel Info: Redefining spanish shorthand "~
(babel)             in language append on input line 8.
Package babel Info: Redefining spanish shorthand "!
(babel)             in language append on input line 8.
Package babel Info: Redefining spanish shorthand "?
(babel)             in language append on input line 8.
) (./main.bbl
Package babel Info: Redefining spanish shorthand <<
(babel)             in language append on input line 1.
Package babel Info: Redefining spanish shorthand >>
(babel)             in language append on input line 1.
Package babel Info: Redefining spanish shorthand "=
(babel)             in language append on input line 1.
Package babel Info: Redefining spanish shorthand "~
(babel)             in language append on input line 1.
Package babel Info: Redefining spanish shorthand "!
(babel)             in language append on input line 1.
Package babel Info: Redefining spanish shorthand "?
(babel)             in language append on input line 1.
)
(./chapters/anexos.tex
Package babel Info: Redefining spanish shorthand <<
(babel)             in language append on input line 3.
Package babel Info: Redefining spanish shorthand >>
(babel)             in language append on input line 3.
Package babel Info: Redefining spanish shorthand "=
(babel)             in language append on input line 3.
Package babel Info: Redefining spanish shorthand "~
(babel)             in language append on input line 3.
Package babel Info: Redefining spanish shorthand "!
(babel)             in language append on input line 3.
Package babel Info: Redefining spanish shorthand "?
(babel)             in language append on input line 3.
)
Package atveryend Info: Empty hook `BeforeClearDocument' on input line 102.
Package babel Info: Redefining spanish shorthand <<
(babel)             in language append on input line 102.
Package babel Info: Redefining spanish shorthand >>
(babel)             in language append on input line 102.
Package babel Info: Redefining spanish shorthand "=
(babel)             in language append on input line 102.
Package babel Info: Redefining spanish shorthand "~
(babel)             in language append on input line 102.
Package babel Info: Redefining spanish shorthand "!
(babel)             in language append on input line 102.
Package babel Info: Redefining spanish shorthand "?
(babel)             in language append on input line 102.
Package babel Info: Redefining spanish shorthand <<
(babel)             in language append on input line 102.
Package babel Info: Redefining spanish shorthand >>
(babel)             in language append on input line 102.
Package babel Info: Redefining spanish shorthand "=
(babel)             in language append on input line 102.
Package babel Info: Redefining spanish shorthand "~
(babel)             in language append on input line 102.
Package babel Info: Redefining spanish shorthand "!
(babel)             in language append on input line 102.
Package babel Info: Redefining spanish shorthand "?
(babel)             in language append on input line 102.
 [9]
Package atveryend Info: Empty hook `AfterLastShipout' on input line 102.
 (./main.aux
LaTeX Info: Redefining \. on input line 23.
LaTeX Info: Redefining \% on input line 23.
)
Package atveryend Info: Executing hook `AtVeryEndDocument' on input line 102.
Package atveryend Info: Executing hook `AtEndAfterFileList' on input line 102.
Package rerunfilecheck Info: File `main.out' has not changed.
(rerunfilecheck)             Checksum: F2D8BCA2B48A321F754E40DB38A3E6FB;3007.
Package atveryend Info: Empty hook `AtVeryVeryEnd' on input line 102.
 ) 
Here is how much of TeX's memory you used:
 10070 strings out of 493304
 140478 string characters out of 6139870
 261153 words of memory out of 5000000
 13207 multiletter control sequences out of 15000+600000
 22131 words of font info for 61 fonts, out of 8000000 for 9000
 957 hyphenation exceptions out of 8191
 31i,12n,49p,830b,629s stack positions out of 5000i,500n,10000p,200000b,80000s
{/usr/share/texmf/fonts/enc/dvips/cm-super/cm-super-t1.enc}</usr/share/texmf/
fonts/type1/public/cm-super/sfcc1440.pfb></usr/share/texmf/fonts/type1/public/c
m-super/sfcc1728.pfb></usr/share/texmf/fonts/type1/public/cm-super/sfrm0700.pfb
></usr/share/texmf/fonts/type1/public/cm-super/sfrm0800.pfb></usr/share/texmf/f
onts/type1/public/cm-super/sfrm1000.pfb></usr/share/texmf/fonts/type1/public/cm
-super/sfrm1200.pfb></usr/share/texmf/fonts/type1/public/cm-super/sfrm1440.pfb>
</usr/share/texmf/fonts/type1/public/cm-super/sfrm1728.pfb></usr/share/texmf/fo
nts/type1/public/cm-super/sfrm2488.pfb></usr/share/texmf/fonts/type1/public/cm-
super/sfsx1200.pfb></usr/share/texmf/fonts/type1/public/cm-super/sfsx1440.pfb><
/usr/share/texmf/fonts/type1/public/cm-super/sfti1200.pfb>
Output written on main.pdf (10 pages, 468130 bytes).
PDF statistics:
 336 PDF objects out of 1000 (max. 8388607)
 307 compressed objects within 4 object streams
 54 named destinations out of 1000 (max. 500000)
 358 words of extra memory for PDF output out of 10000 (max. 10000000)

